[INFO] Scanning for projects...
[INFO] 
[INFO] -------------------< com.jithin:ai-content-platform >-------------------
[INFO] Building ai-content-platform 0.0.1-SNAPSHOT
[INFO]   from pom.xml
[INFO] --------------------------------[ jar ]---------------------------------
[INFO] 
[INFO] >>> spring-boot:3.2.0:run (default-cli) > test-compile @ ai-content-platform >>>
[INFO] 
[INFO] --- resources:3.3.1:resources (default-resources) @ ai-content-platform ---
[INFO] Copying 2 resources from src/main/resources to target/classes
[INFO] Copying 4 resources from src/main/resources to target/classes
[INFO] 
[INFO] --- compiler:3.11.0:compile (default-compile) @ ai-content-platform ---
[INFO] Nothing to compile - all classes are up to date
[INFO] 
[INFO] --- resources:3.3.1:testResources (default-testResources) @ ai-content-platform ---
[INFO] skip non existing resourceDirectory /Users/jithinpothireddy/Documents/ai-content-platform/src/test/resources
[INFO] 
[INFO] --- compiler:3.11.0:testCompile (default-testCompile) @ ai-content-platform ---
[INFO] Nothing to compile - all classes are up to date
[INFO] 
[INFO] <<< spring-boot:3.2.0:run (default-cli) < test-compile @ ai-content-platform <<<
[INFO] 
[INFO] 
[INFO] --- spring-boot:3.2.0:run (default-cli) @ ai-content-platform ---
[INFO] Attaching agents: []

  .   ____          _            __ _ _
 /\\ / ___'_ __ _ _(_)_ __  __ _ \ \ \ \
( ( )\___ | '_ | '_| | '_ \/ _` | \ \ \ \
 \\/  ___)| |_)| | | | | || (_| |  ) ) ) )
  '  |____| .__|_| |_|_| |_\__, | / / / /
 =========|_|==============|___/=/_/_/_/
 :: Spring Boot ::                (v3.2.0)

2025-02-08T15:40:12.940-08:00  INFO 7581 --- [ai-content-platform] [           main] c.j.a.AiContentPlatformApplication       : Starting AiContentPlatformApplication using Java 17.0.13 with PID 7581 (/Users/jithinpothireddy/Documents/ai-content-platform/target/classes started by jithinpothireddy in /Users/jithinpothireddy/Documents/ai-content-platform)
2025-02-08T15:40:12.942-08:00 DEBUG 7581 --- [ai-content-platform] [           main] c.j.a.AiContentPlatformApplication       : Running with Spring Boot v3.2.0, Spring v6.1.1
2025-02-08T15:40:12.944-08:00  INFO 7581 --- [ai-content-platform] [           main] c.j.a.AiContentPlatformApplication       : The following 1 profile is active: "dev"
2025-02-08T15:40:13.543-08:00  INFO 7581 --- [ai-content-platform] [           main] .s.d.r.c.RepositoryConfigurationDelegate : Multiple Spring Data modules found, entering strict repository configuration mode
2025-02-08T15:40:13.543-08:00  INFO 7581 --- [ai-content-platform] [           main] .s.d.r.c.RepositoryConfigurationDelegate : Bootstrapping Spring Data JPA repositories in DEFAULT mode.
2025-02-08T15:40:13.678-08:00  INFO 7581 --- [ai-content-platform] [           main] .s.d.r.c.RepositoryConfigurationDelegate : Finished Spring Data repository scanning in 131 ms. Found 8 JPA repository interfaces.
2025-02-08T15:40:13.867-08:00  INFO 7581 --- [ai-content-platform] [           main] .s.d.r.c.RepositoryConfigurationDelegate : Multiple Spring Data modules found, entering strict repository configuration mode
2025-02-08T15:40:13.868-08:00  INFO 7581 --- [ai-content-platform] [           main] .s.d.r.c.RepositoryConfigurationDelegate : Bootstrapping Spring Data Redis repositories in DEFAULT mode.
2025-02-08T15:40:13.904-08:00  INFO 7581 --- [ai-content-platform] [           main] .RepositoryConfigurationExtensionSupport : Spring Data Redis - Could not safely identify store assignment for repository candidate interface com.jithin.ai_content_platform.repository.ChatHistoryRepository; If you want this repository to be a Redis repository, consider annotating your entities with one of these annotations: org.springframework.data.redis.core.RedisHash (preferred), or consider extending one of the following types with your repository: org.springframework.data.keyvalue.repository.KeyValueRepository
2025-02-08T15:40:13.904-08:00  INFO 7581 --- [ai-content-platform] [           main] .RepositoryConfigurationExtensionSupport : Spring Data Redis - Could not safely identify store assignment for repository candidate interface com.jithin.ai_content_platform.repository.CompetitorDataRepository; If you want this repository to be a Redis repository, consider annotating your entities with one of these annotations: org.springframework.data.redis.core.RedisHash (preferred), or consider extending one of the following types with your repository: org.springframework.data.keyvalue.repository.KeyValueRepository
2025-02-08T15:40:13.904-08:00  INFO 7581 --- [ai-content-platform] [           main] .RepositoryConfigurationExtensionSupport : Spring Data Redis - Could not safely identify store assignment for repository candidate interface com.jithin.ai_content_platform.repository.ContentRepository; If you want this repository to be a Redis repository, consider annotating your entities with one of these annotations: org.springframework.data.redis.core.RedisHash (preferred), or consider extending one of the following types with your repository: org.springframework.data.keyvalue.repository.KeyValueRepository
2025-02-08T15:40:13.904-08:00  INFO 7581 --- [ai-content-platform] [           main] .RepositoryConfigurationExtensionSupport : Spring Data Redis - Could not safely identify store assignment for repository candidate interface com.jithin.ai_content_platform.repository.LocalizationMetricsRepository; If you want this repository to be a Redis repository, consider annotating your entities with one of these annotations: org.springframework.data.redis.core.RedisHash (preferred), or consider extending one of the following types with your repository: org.springframework.data.keyvalue.repository.KeyValueRepository
2025-02-08T15:40:13.904-08:00  INFO 7581 --- [ai-content-platform] [           main] .RepositoryConfigurationExtensionSupport : Spring Data Redis - Could not safely identify store assignment for repository candidate interface com.jithin.ai_content_platform.repository.TrendDataRepository; If you want this repository to be a Redis repository, consider annotating your entities with one of these annotations: org.springframework.data.redis.core.RedisHash (preferred), or consider extending one of the following types with your repository: org.springframework.data.keyvalue.repository.KeyValueRepository
2025-02-08T15:40:13.904-08:00  INFO 7581 --- [ai-content-platform] [           main] .RepositoryConfigurationExtensionSupport : Spring Data Redis - Could not safely identify store assignment for repository candidate interface com.jithin.ai_content_platform.repository.UserAchievementRepository; If you want this repository to be a Redis repository, consider annotating your entities with one of these annotations: org.springframework.data.redis.core.RedisHash (preferred), or consider extending one of the following types with your repository: org.springframework.data.keyvalue.repository.KeyValueRepository
2025-02-08T15:40:13.905-08:00  INFO 7581 --- [ai-content-platform] [           main] .RepositoryConfigurationExtensionSupport : Spring Data Redis - Could not safely identify store assignment for repository candidate interface com.jithin.ai_content_platform.repository.UserRepository; If you want this repository to be a Redis repository, consider annotating your entities with one of these annotations: org.springframework.data.redis.core.RedisHash (preferred), or consider extending one of the following types with your repository: org.springframework.data.keyvalue.repository.KeyValueRepository
2025-02-08T15:40:13.905-08:00  INFO 7581 --- [ai-content-platform] [           main] .RepositoryConfigurationExtensionSupport : Spring Data Redis - Could not safely identify store assignment for repository candidate interface com.jithin.ai_content_platform.repository.UserTrainingDataRepository; If you want this repository to be a Redis repository, consider annotating your entities with one of these annotations: org.springframework.data.redis.core.RedisHash (preferred), or consider extending one of the following types with your repository: org.springframework.data.keyvalue.repository.KeyValueRepository
2025-02-08T15:40:13.905-08:00  INFO 7581 --- [ai-content-platform] [           main] .s.d.r.c.RepositoryConfigurationDelegate : Finished Spring Data repository scanning in 33 ms. Found 0 Redis repository interfaces.
2025-02-08T15:40:14.511-08:00  INFO 7581 --- [ai-content-platform] [           main] o.s.b.w.embedded.tomcat.TomcatWebServer  : Tomcat initialized with port 8080 (http)
2025-02-08T15:40:14.516-08:00  INFO 7581 --- [ai-content-platform] [           main] o.apache.catalina.core.StandardService   : Starting service [Tomcat]
2025-02-08T15:40:14.517-08:00  INFO 7581 --- [ai-content-platform] [           main] o.apache.catalina.core.StandardEngine    : Starting Servlet engine: [Apache Tomcat/10.1.16]
2025-02-08T15:40:14.587-08:00  INFO 7581 --- [ai-content-platform] [           main] o.a.c.c.C.[Tomcat].[localhost].[/]       : Initializing Spring embedded WebApplicationContext
2025-02-08T15:40:14.590-08:00  INFO 7581 --- [ai-content-platform] [           main] w.s.c.ServletWebServerApplicationContext : Root WebApplicationContext: initialization completed in 1578 ms
2025-02-08T15:40:14.693-08:00  INFO 7581 --- [ai-content-platform] [           main] o.hibernate.jpa.internal.util.LogHelper  : HHH000204: Processing PersistenceUnitInfo [name: default]
2025-02-08T15:40:14.714-08:00  INFO 7581 --- [ai-content-platform] [           main] org.hibernate.Version                    : HHH000412: Hibernate ORM core version 6.3.1.Final
2025-02-08T15:40:14.762-08:00  INFO 7581 --- [ai-content-platform] [           main] o.h.c.internal.RegionFactoryInitiator    : HHH000026: Second-level cache disabled
2025-02-08T15:40:14.816-08:00  INFO 7581 --- [ai-content-platform] [           main] com.zaxxer.hikari.HikariDataSource       : HikariPool-1 - Starting...
2025-02-08T15:40:14.875-08:00  INFO 7581 --- [ai-content-platform] [           main] com.zaxxer.hikari.pool.HikariPool        : HikariPool-1 - Added connection org.postgresql.jdbc.PgConnection@7f305f34
2025-02-08T15:40:14.876-08:00  INFO 7581 --- [ai-content-platform] [           main] com.zaxxer.hikari.HikariDataSource       : HikariPool-1 - Start completed.
2025-02-08T15:40:15.015-08:00  INFO 7581 --- [ai-content-platform] [           main] o.s.o.j.p.SpringPersistenceUnitInfo      : No LoadTimeWeaver setup: ignoring JPA class transformer
2025-02-08T15:40:15.912-08:00  INFO 7581 --- [ai-content-platform] [           main] o.h.e.t.j.p.i.JtaPlatformInitiator       : HHH000489: No JTA platform available (set 'hibernate.transaction.jta.platform' to enable JTA platform integration)
2025-02-08T15:40:16.196-08:00  INFO 7581 --- [ai-content-platform] [           main] j.LocalContainerEntityManagerFactoryBean : Initialized JPA EntityManagerFactory for persistence unit 'default'
2025-02-08T15:40:16.496-08:00 DEBUG 7581 --- [ai-content-platform] [           main] c.j.a.security.JwtTokenProvider          : Initializing JWT secret key
2025-02-08T15:40:16.498-08:00 DEBUG 7581 --- [ai-content-platform] [           main] c.j.a.security.JwtTokenProvider          : JWT secret key initialized successfully
2025-02-08T15:40:16.539-08:00 DEBUG 7581 --- [ai-content-platform] [           main] c.j.a.security.JwtAuthenticationFilter   : Filter 'jwtAuthenticationFilter' configured for use
2025-02-08T15:40:16.625-08:00  INFO 7581 --- [ai-content-platform] [           main] o.s.d.j.r.query.QueryEnhancerFactory     : Hibernate is in classpath; If applicable, HQL parser will be used.
2025-02-08T15:40:17.047-08:00  INFO 7581 --- [ai-content-platform] [           main] e.stanford.nlp.pipeline.StanfordCoreNLP  : Adding annotator tokenize
2025-02-08T15:40:17.052-08:00  INFO 7581 --- [ai-content-platform] [           main] e.stanford.nlp.pipeline.StanfordCoreNLP  : Adding annotator parse
2025-02-08T15:40:17.377-08:00  INFO 7581 --- [ai-content-platform] [           main] e.s.nlp.parser.common.ParserGrammar      : Loading parser from serialized file edu/stanford/nlp/models/lexparser/englishPCFG.ser.gz ... done [0.3 sec].
2025-02-08T15:40:17.391-08:00  INFO 7581 --- [ai-content-platform] [           main] e.stanford.nlp.pipeline.StanfordCoreNLP  : Adding annotator sentiment
2025-02-08T15:40:17.454-08:00  INFO 7581 --- [ai-content-platform] [           main] e.stanford.nlp.sentiment.SentimentModel  : Loading sentiment model edu/stanford/nlp/models/sentiment/sentiment.ser.gz ... done [0.1 sec].
2025-02-08T15:40:17.640-08:00  INFO 7581 --- [ai-content-platform] [           main] org.nd4j.linalg.factory.Nd4jBackend      : Loaded [CpuBackend] backend
2025-02-08T15:40:18.300-08:00  INFO 7581 --- [ai-content-platform] [           main] org.nd4j.nativeblas.NativeOpsHolder      : Number of threads used for linear algebra: 1
2025-02-08T15:40:18.302-08:00  INFO 7581 --- [ai-content-platform] [           main] o.n.l.cpu.nativecpu.CpuNDArrayFactory    : Binary level Generic x86 optimization level Generic x86
2025-02-08T15:40:18.343-08:00  INFO 7581 --- [ai-content-platform] [           main] org.nd4j.nativeblas.Nd4jBlas             : Number of threads used for OpenMP BLAS: 16
2025-02-08T15:40:18.373-08:00  INFO 7581 --- [ai-content-platform] [           main] o.n.l.a.o.e.DefaultOpExecutioner         : Backend used: [CPU]; OS: [Mac OS X]
2025-02-08T15:40:18.373-08:00  INFO 7581 --- [ai-content-platform] [           main] o.n.l.a.o.e.DefaultOpExecutioner         : Cores: [16]; Memory: [12.0GB];
2025-02-08T15:40:18.373-08:00  INFO 7581 --- [ai-content-platform] [           main] o.n.l.a.o.e.DefaultOpExecutioner         : Blas vendor: [OPENBLAS]
2025-02-08T15:40:18.378-08:00  INFO 7581 --- [ai-content-platform] [           main] o.nd4j.linalg.cpu.nativecpu.CpuBackend   : Backend build information:
 Clang: "12.0.0 (clang-1200.0.32.29)"
STD version: 201103L
DEFAULT_ENGINE: samediff::ENGINE_CPU
HAVE_FLATBUFFERS
HAVE_OPENBLAS
2025-02-08T15:40:18.864-08:00  INFO 7581 --- [ai-content-platform] [           main] e.stanford.nlp.pipeline.StanfordCoreNLP  : Adding annotator tokenize
2025-02-08T15:40:18.865-08:00  INFO 7581 --- [ai-content-platform] [           main] e.stanford.nlp.pipeline.StanfordCoreNLP  : Adding annotator pos
2025-02-08T15:40:19.136-08:00  INFO 7581 --- [ai-content-platform] [           main] e.s.nlp.tagger.maxent.MaxentTagger       : Loading POS tagger from edu/stanford/nlp/models/pos-tagger/english-left3words-distsim.tagger ... done [0.3 sec].
2025-02-08T15:40:19.137-08:00  INFO 7581 --- [ai-content-platform] [           main] e.stanford.nlp.pipeline.StanfordCoreNLP  : Adding annotator lemma
2025-02-08T15:40:19.137-08:00  INFO 7581 --- [ai-content-platform] [           main] e.stanford.nlp.pipeline.StanfordCoreNLP  : Adding annotator ner
2025-02-08T15:40:19.753-08:00  INFO 7581 --- [ai-content-platform] [           main] e.s.nlp.ie.AbstractSequenceClassifier    : Loading classifier from edu/stanford/nlp/models/ner/english.all.3class.distsim.crf.ser.gz ... done [0.6 sec].
2025-02-08T15:40:20.031-08:00  INFO 7581 --- [ai-content-platform] [           main] e.s.nlp.ie.AbstractSequenceClassifier    : Loading classifier from edu/stanford/nlp/models/ner/english.muc.7class.distsim.crf.ser.gz ... done [0.3 sec].
2025-02-08T15:40:20.353-08:00  INFO 7581 --- [ai-content-platform] [           main] e.s.nlp.ie.AbstractSequenceClassifier    : Loading classifier from edu/stanford/nlp/models/ner/english.conll.4class.distsim.crf.ser.gz ... done [0.3 sec].
2025-02-08T15:40:20.356-08:00  INFO 7581 --- [ai-content-platform] [           main] edu.stanford.nlp.time.JollyDayHolidays   : Initializing JollyDayHoliday for SUTime from classpath edu/stanford/nlp/models/sutime/jollyday/Holidays_sutime.xml as sutime.binder.1.
2025-02-08T15:40:20.483-08:00  INFO 7581 --- [ai-content-platform] [           main] e.s.n.time.TimeExpressionExtractorImpl   : Using following SUTime rules: edu/stanford/nlp/models/sutime/defs.sutime.txt,edu/stanford/nlp/models/sutime/english.sutime.txt,edu/stanford/nlp/models/sutime/english.holidays.sutime.txt
2025-02-08T15:40:21.883-08:00  INFO 7581 --- [ai-content-platform] [           main] e.s.n.pipeline.TokensRegexNERAnnotator   : ner.fine.regexner: Read 580705 unique entries out of 581864 from edu/stanford/nlp/models/kbp/english/gazetteers/regexner_caseless.tab, 0 TokensRegex patterns.
2025-02-08T15:40:21.937-08:00  INFO 7581 --- [ai-content-platform] [           main] e.s.n.pipeline.TokensRegexNERAnnotator   : ner.fine.regexner: Read 4867 unique entries out of 4867 from edu/stanford/nlp/models/kbp/english/gazetteers/regexner_cased.tab, 0 TokensRegex patterns.
2025-02-08T15:40:21.937-08:00  INFO 7581 --- [ai-content-platform] [           main] e.s.n.pipeline.TokensRegexNERAnnotator   : ner.fine.regexner: Read 585572 unique entries from 2 files
2025-02-08T15:40:23.549-08:00  INFO 7581 --- [ai-content-platform] [           main] e.s.nlp.pipeline.NERCombinerAnnotator    : numeric classifiers: true; SUTime: true [no docDate]; fine grained: true
2025-02-08T15:40:23.551-08:00  INFO 7581 --- [ai-content-platform] [           main] e.stanford.nlp.pipeline.StanfordCoreNLP  : Adding annotator parse
2025-02-08T15:40:23.808-08:00  INFO 7581 --- [ai-content-platform] [           main] e.s.nlp.parser.common.ParserGrammar      : Loading parser from serialized file edu/stanford/nlp/models/lexparser/englishPCFG.ser.gz ... done [0.3 sec].
2025-02-08T15:40:23.808-08:00  INFO 7581 --- [ai-content-platform] [           main] e.stanford.nlp.pipeline.StanfordCoreNLP  : Adding annotator sentiment
2025-02-08T15:40:23.845-08:00  INFO 7581 --- [ai-content-platform] [           main] e.stanford.nlp.sentiment.SentimentModel  : Loading sentiment model edu/stanford/nlp/models/sentiment/sentiment.ser.gz ... done [0.0 sec].
2025-02-08T15:40:23.845-08:00  INFO 7581 --- [ai-content-platform] [           main] e.stanford.nlp.pipeline.StanfordCoreNLP  : Adding annotator coref
2025-02-08T15:40:25.066-08:00  INFO 7581 --- [ai-content-platform] [           main] e.s.n.coref.neural.NeuralCorefAlgorithm  : Loading coref model edu/stanford/nlp/models/coref/neural/english-model-default.ser.gz ... done [0.2 sec].
2025-02-08T15:40:25.315-08:00  INFO 7581 --- [ai-content-platform] [           main] e.s.n.coref.neural.NeuralCorefAlgorithm  : Loading coref embeddings edu/stanford/nlp/models/coref/neural/english-embeddings.ser.gz ... done [0.2 sec].
2025-02-08T15:40:26.413-08:00  INFO 7581 --- [ai-content-platform] [           main] e.s.nlp.pipeline.CorefMentionAnnotator   : Using mention detector type: rule
2025-02-08T15:40:26.415-08:00  INFO 7581 --- [ai-content-platform] [           main] e.stanford.nlp.pipeline.StanfordCoreNLP  : Adding annotator quote
2025-02-08T15:40:27.280-08:00  INFO 7581 --- [ai-content-platform] [           main] e.s.nlp.parser.nndep.DependencyParser    : Loading depparse model: edu/stanford/nlp/models/parser/nndep/english_UD.gz ... Time elapsed: 0.8 sec
2025-02-08T15:40:27.933-08:00  INFO 7581 --- [ai-content-platform] [           main] e.stanford.nlp.parser.nndep.Classifier   : PreComputed 20000 vectors, elapsed Time: 0.652 sec
2025-02-08T15:40:27.933-08:00  INFO 7581 --- [ai-content-platform] [           main] e.s.nlp.parser.nndep.DependencyParser    : Initializing dependency parser ... done [1.4 sec].
2025-02-08T15:40:27.963-08:00  INFO 7581 --- [ai-content-platform] [           main] e.stanford.nlp.pipeline.StanfordCoreNLP  : Adding annotator tokenize
2025-02-08T15:40:27.963-08:00  INFO 7581 --- [ai-content-platform] [           main] e.stanford.nlp.pipeline.StanfordCoreNLP  : Adding annotator parse
2025-02-08T15:40:27.963-08:00  INFO 7581 --- [ai-content-platform] [           main] e.stanford.nlp.pipeline.StanfordCoreNLP  : Adding annotator sentiment
2025-02-08T15:40:28.045-08:00 ERROR 7581 --- [ai-content-platform] [           main] c.j.a.service.ContentStrategyService     : Error loading ML model weights

java.io.FileNotFoundException: 0.4,0.3,0.3 (No such file or directory)
	at java.base/java.io.FileInputStream.open0(Native Method) ~[na:na]
	at java.base/java.io.FileInputStream.open(FileInputStream.java:216) ~[na:na]
	at java.base/java.io.FileInputStream.<init>(FileInputStream.java:157) ~[na:na]
	at com.fasterxml.jackson.core.TokenStreamFactory._fileInputStream(TokenStreamFactory.java:278) ~[jackson-core-2.15.3.jar:2.15.3]
	at com.fasterxml.jackson.core.JsonFactory.createParser(JsonFactory.java:1089) ~[jackson-core-2.15.3.jar:2.15.3]
	at com.fasterxml.jackson.databind.ObjectMapper.readValue(ObjectMapper.java:3657) ~[jackson-databind-2.15.3.jar:2.15.3]
	at com.jithin.ai_content_platform.service.ContentStrategyService.init(ContentStrategyService.java:71) ~[classes/:na]
	at java.base/jdk.internal.reflect.NativeMethodAccessorImpl.invoke0(Native Method) ~[na:na]
	at java.base/jdk.internal.reflect.NativeMethodAccessorImpl.invoke(NativeMethodAccessorImpl.java:77) ~[na:na]
	at java.base/jdk.internal.reflect.DelegatingMethodAccessorImpl.invoke(DelegatingMethodAccessorImpl.java:43) ~[na:na]
	at java.base/java.lang.reflect.Method.invoke(Method.java:569) ~[na:na]
	at org.springframework.beans.factory.annotation.InitDestroyAnnotationBeanPostProcessor$LifecycleMethod.invoke(InitDestroyAnnotationBeanPostProcessor.java:457) ~[spring-beans-6.1.1.jar:6.1.1]
	at org.springframework.beans.factory.annotation.InitDestroyAnnotationBeanPostProcessor$LifecycleMetadata.invokeInitMethods(InitDestroyAnnotationBeanPostProcessor.java:401) ~[spring-beans-6.1.1.jar:6.1.1]
	at org.springframework.beans.factory.annotation.InitDestroyAnnotationBeanPostProcessor.postProcessBeforeInitialization(InitDestroyAnnotationBeanPostProcessor.java:219) ~[spring-beans-6.1.1.jar:6.1.1]
	at org.springframework.beans.factory.support.AbstractAutowireCapableBeanFactory.applyBeanPostProcessorsBeforeInitialization(AbstractAutowireCapableBeanFactory.java:421) ~[spring-beans-6.1.1.jar:6.1.1]
	at org.springframework.beans.factory.support.AbstractAutowireCapableBeanFactory.initializeBean(AbstractAutowireCapableBeanFactory.java:1767) ~[spring-beans-6.1.1.jar:6.1.1]
	at org.springframework.beans.factory.support.AbstractAutowireCapableBeanFactory.doCreateBean(AbstractAutowireCapableBeanFactory.java:601) ~[spring-beans-6.1.1.jar:6.1.1]
	at org.springframework.beans.factory.support.AbstractAutowireCapableBeanFactory.createBean(AbstractAutowireCapableBeanFactory.java:523) ~[spring-beans-6.1.1.jar:6.1.1]
	at org.springframework.beans.factory.support.AbstractBeanFactory.lambda$doGetBean$0(AbstractBeanFactory.java:325) ~[spring-beans-6.1.1.jar:6.1.1]
	at org.springframework.beans.factory.support.DefaultSingletonBeanRegistry.getSingleton(DefaultSingletonBeanRegistry.java:234) ~[spring-beans-6.1.1.jar:6.1.1]
	at org.springframework.beans.factory.support.AbstractBeanFactory.doGetBean(AbstractBeanFactory.java:323) ~[spring-beans-6.1.1.jar:6.1.1]
	at org.springframework.beans.factory.support.AbstractBeanFactory.getBean(AbstractBeanFactory.java:199) ~[spring-beans-6.1.1.jar:6.1.1]
	at org.springframework.beans.factory.config.DependencyDescriptor.resolveCandidate(DependencyDescriptor.java:254) ~[spring-beans-6.1.1.jar:6.1.1]
	at org.springframework.beans.factory.support.DefaultListableBeanFactory.doResolveDependency(DefaultListableBeanFactory.java:1441) ~[spring-beans-6.1.1.jar:6.1.1]
	at org.springframework.beans.factory.support.DefaultListableBeanFactory.resolveDependency(DefaultListableBeanFactory.java:1348) ~[spring-beans-6.1.1.jar:6.1.1]
	at org.springframework.beans.factory.annotation.AutowiredAnnotationBeanPostProcessor$AutowiredFieldElement.resolveFieldValue(AutowiredAnnotationBeanPostProcessor.java:769) ~[spring-beans-6.1.1.jar:6.1.1]
	at org.springframework.beans.factory.annotation.AutowiredAnnotationBeanPostProcessor$AutowiredFieldElement.inject(AutowiredAnnotationBeanPostProcessor.java:752) ~[spring-beans-6.1.1.jar:6.1.1]
	at org.springframework.beans.factory.annotation.InjectionMetadata.inject(InjectionMetadata.java:145) ~[spring-beans-6.1.1.jar:6.1.1]
	at org.springframework.beans.factory.annotation.AutowiredAnnotationBeanPostProcessor.postProcessProperties(AutowiredAnnotationBeanPostProcessor.java:493) ~[spring-beans-6.1.1.jar:6.1.1]
	at org.springframework.beans.factory.support.AbstractAutowireCapableBeanFactory.populateBean(AbstractAutowireCapableBeanFactory.java:1420) ~[spring-beans-6.1.1.jar:6.1.1]
	at org.springframework.beans.factory.support.AbstractAutowireCapableBeanFactory.doCreateBean(AbstractAutowireCapableBeanFactory.java:600) ~[spring-beans-6.1.1.jar:6.1.1]
	at org.springframework.beans.factory.support.AbstractAutowireCapableBeanFactory.createBean(AbstractAutowireCapableBeanFactory.java:523) ~[spring-beans-6.1.1.jar:6.1.1]
	at org.springframework.beans.factory.support.AbstractBeanFactory.lambda$doGetBean$0(AbstractBeanFactory.java:325) ~[spring-beans-6.1.1.jar:6.1.1]
	at org.springframework.beans.factory.support.DefaultSingletonBeanRegistry.getSingleton(DefaultSingletonBeanRegistry.java:234) ~[spring-beans-6.1.1.jar:6.1.1]
	at org.springframework.beans.factory.support.AbstractBeanFactory.doGetBean(AbstractBeanFactory.java:323) ~[spring-beans-6.1.1.jar:6.1.1]
	at org.springframework.beans.factory.support.AbstractBeanFactory.getBean(AbstractBeanFactory.java:199) ~[spring-beans-6.1.1.jar:6.1.1]
	at org.springframework.beans.factory.support.DefaultListableBeanFactory.preInstantiateSingletons(DefaultListableBeanFactory.java:973) ~[spring-beans-6.1.1.jar:6.1.1]
	at org.springframework.context.support.AbstractApplicationContext.finishBeanFactoryInitialization(AbstractApplicationContext.java:946) ~[spring-context-6.1.1.jar:6.1.1]
	at org.springframework.context.support.AbstractApplicationContext.refresh(AbstractApplicationContext.java:616) ~[spring-context-6.1.1.jar:6.1.1]
	at org.springframework.boot.web.servlet.context.ServletWebServerApplicationContext.refresh(ServletWebServerApplicationContext.java:146) ~[spring-boot-3.2.0.jar:3.2.0]
	at org.springframework.boot.SpringApplication.refresh(SpringApplication.java:753) ~[spring-boot-3.2.0.jar:3.2.0]
	at org.springframework.boot.SpringApplication.refreshContext(SpringApplication.java:455) ~[spring-boot-3.2.0.jar:3.2.0]
	at org.springframework.boot.SpringApplication.run(SpringApplication.java:323) ~[spring-boot-3.2.0.jar:3.2.0]
	at org.springframework.boot.SpringApplication.run(SpringApplication.java:1342) ~[spring-boot-3.2.0.jar:3.2.0]
	at org.springframework.boot.SpringApplication.run(SpringApplication.java:1331) ~[spring-boot-3.2.0.jar:3.2.0]
	at com.jithin.ai_content_platform.AiContentPlatformApplication.main(AiContentPlatformApplication.java:14) ~[classes/:na]

2025-02-08T15:40:28.326-08:00  WARN 7581 --- [ai-content-platform] [           main] JpaBaseConfiguration$JpaWebConfiguration : spring.jpa.open-in-view is enabled by default. Therefore, database queries may be performed during view rendering. Explicitly configure spring.jpa.open-in-view to disable this warning
2025-02-08T15:40:28.390-08:00  INFO 7581 --- [ai-content-platform] [           main] o.s.s.web.DefaultSecurityFilterChain     : Will secure any request with [org.springframework.security.web.session.DisableEncodeUrlFilter@61e5f59f, org.springframework.security.web.context.request.async.WebAsyncManagerIntegrationFilter@61b260bf, org.springframework.security.web.context.SecurityContextHolderFilter@2f0adf51, org.springframework.security.web.header.HeaderWriterFilter@1910375, org.springframework.web.filter.CorsFilter@53919fc0, org.springframework.security.web.authentication.logout.LogoutFilter@5d35daa5, com.jithin.ai_content_platform.security.JwtAuthenticationFilter@5b166420, com.jithin.ai_content_platform.filter.RateLimitingFilter@681061d6, org.springframework.security.web.savedrequest.RequestCacheAwareFilter@58e0a42d, org.springframework.security.web.servletapi.SecurityContextHolderAwareRequestFilter@38b94111, org.springframework.security.web.authentication.AnonymousAuthenticationFilter@639b2a33, org.springframework.security.web.session.SessionManagementFilter@4ea24342, org.springframework.security.web.access.ExceptionTranslationFilter@536b1c9a, org.springframework.security.web.access.intercept.AuthorizationFilter@2aa54e42]
2025-02-08T15:40:28.436-08:00 DEBUG 7581 --- [ai-content-platform] [           main] o.s.w.s.s.s.WebSocketHandlerMapping      : Patterns [/ws/**] in 'stompWebSocketHandlerMapping'
2025-02-08T15:40:28.481-08:00 DEBUG 7581 --- [ai-content-platform] [           main] .WebSocketAnnotationMethodMessageHandler : 
	c.j.a.c.AnalyticsController:
	
2025-02-08T15:40:28.481-08:00 DEBUG 7581 --- [ai-content-platform] [           main] .WebSocketAnnotationMethodMessageHandler : 
	c.j.a.c.AuthController:
	
2025-02-08T15:40:28.483-08:00 DEBUG 7581 --- [ai-content-platform] [           main] .WebSocketAnnotationMethodMessageHandler : 
	c.j.a.c.ChatController:
	{[MESSAGE],[/chat.sendMessage]}: sendMessage(ChatMessage)
	{[MESSAGE],[/chat.addUser]}: addUser(ChatMessage)
2025-02-08T15:40:28.484-08:00 DEBUG 7581 --- [ai-content-platform] [           main] .WebSocketAnnotationMethodMessageHandler : 
	c.j.a.c.CompetitorAnalysisController:
	
2025-02-08T15:40:28.484-08:00 DEBUG 7581 --- [ai-content-platform] [           main] .WebSocketAnnotationMethodMessageHandler : 
	c.j.a.c.ContentController:
	
2025-02-08T15:40:28.484-08:00 DEBUG 7581 --- [ai-content-platform] [           main] .WebSocketAnnotationMethodMessageHandler : 
	c.j.a.c.ContentLocalizationController:
	
2025-02-08T15:40:28.484-08:00 DEBUG 7581 --- [ai-content-platform] [           main] .WebSocketAnnotationMethodMessageHandler : 
	c.j.a.c.ContentStrategyController:
	
2025-02-08T15:40:28.484-08:00 DEBUG 7581 --- [ai-content-platform] [           main] .WebSocketAnnotationMethodMessageHandler : 
	c.j.a.c.NotificationController:
	
2025-02-08T15:40:28.484-08:00 DEBUG 7581 --- [ai-content-platform] [           main] .WebSocketAnnotationMethodMessageHandler : 
	c.j.a.c.SharingController:
	
2025-02-08T15:40:28.484-08:00 DEBUG 7581 --- [ai-content-platform] [           main] .WebSocketAnnotationMethodMessageHandler : 
	c.j.a.c.TrendAnalysisController:
	
2025-02-08T15:40:28.484-08:00 DEBUG 7581 --- [ai-content-platform] [           main] .WebSocketAnnotationMethodMessageHandler : 
	c.j.a.c.UserController:
	
2025-02-08T15:40:28.484-08:00 DEBUG 7581 --- [ai-content-platform] [           main] .WebSocketAnnotationMethodMessageHandler : 
	c.j.a.c.WebSocketController:
	{[MESSAGE],[/createContent]}: handleContentCreation(String)
2025-02-08T15:40:28.485-08:00 DEBUG 7581 --- [ai-content-platform] [           main] .WebSocketAnnotationMethodMessageHandler : 
	o.s.b.a.w.s.e.BasicErrorController:
	
2025-02-08T15:40:28.899-08:00 DEBUG 7581 --- [ai-content-platform] [           main] o.s.d.r.l.RedisMessageListenerContainer  : Starting RedisMessageListenerContainer...
2025-02-08T15:40:28.901-08:00 DEBUG 7581 --- [ai-content-platform] [           main] o.s.d.r.l.RedisMessageListenerContainer  : Postpone listening for Redis messages until actual listeners are added
2025-02-08T15:40:29.040-08:00  INFO 7581 --- [ai-content-platform] [           main] o.s.b.w.embedded.tomcat.TomcatWebServer  : Tomcat started on port 8080 (http) with context path ''
2025-02-08T15:40:29.042-08:00 DEBUG 7581 --- [ai-content-platform] [           main] o.s.m.s.ExecutorSubscribableChannel      : clientOutboundChannel added SubProtocolWebSocketHandler[StompSubProtocolHandler[v10.stomp, v11.stomp, v12.stomp]]
2025-02-08T15:40:29.042-08:00 DEBUG 7581 --- [ai-content-platform] [           main] o.s.m.s.ExecutorSubscribableChannel      : clientInboundChannel added WebSocketAnnotationMethodMessageHandler[prefixes=[/app/]]
2025-02-08T15:40:29.042-08:00  INFO 7581 --- [ai-content-platform] [           main] o.s.m.s.b.SimpleBrokerMessageHandler     : Starting...
2025-02-08T15:40:29.042-08:00 DEBUG 7581 --- [ai-content-platform] [           main] o.s.m.s.ExecutorSubscribableChannel      : clientInboundChannel added SimpleBrokerMessageHandler [org.springframework.messaging.simp.broker.DefaultSubscriptionRegistry@2e29a868]
2025-02-08T15:40:29.042-08:00 DEBUG 7581 --- [ai-content-platform] [           main] o.s.m.s.ExecutorSubscribableChannel      : brokerChannel added SimpleBrokerMessageHandler [org.springframework.messaging.simp.broker.DefaultSubscriptionRegistry@2e29a868]
2025-02-08T15:40:29.043-08:00  INFO 7581 --- [ai-content-platform] [           main] o.s.m.s.b.SimpleBrokerMessageHandler     : BrokerAvailabilityEvent[available=true, SimpleBrokerMessageHandler [org.springframework.messaging.simp.broker.DefaultSubscriptionRegistry@2e29a868]]
2025-02-08T15:40:29.044-08:00  INFO 7581 --- [ai-content-platform] [           main] o.s.m.s.b.SimpleBrokerMessageHandler     : Started.
2025-02-08T15:40:29.044-08:00 DEBUG 7581 --- [ai-content-platform] [           main] o.s.m.s.ExecutorSubscribableChannel      : clientInboundChannel added UserDestinationMessageHandler[DefaultUserDestinationResolver[prefix=/user/]]
2025-02-08T15:40:29.044-08:00 DEBUG 7581 --- [ai-content-platform] [           main] o.s.m.s.ExecutorSubscribableChannel      : brokerChannel added UserDestinationMessageHandler[DefaultUserDestinationResolver[prefix=/user/]]
2025-02-08T15:40:29.050-08:00  INFO 7581 --- [ai-content-platform] [           main] o.s.s.config.TaskSchedulerRouter         : More than one TaskScheduler bean exists within the context, and none is named 'taskScheduler'. Mark one of them as primary or name it 'taskScheduler' (possibly as an alias); or implement the SchedulingConfigurer interface and call ScheduledTaskRegistrar#setScheduler explicitly within the configureTasks() callback: [messageBrokerTaskScheduler, heartbeatScheduler]
2025-02-08T15:40:29.053-08:00  INFO 7581 --- [ai-content-platform] [           main] c.j.a.AiContentPlatformApplication       : Started AiContentPlatformApplication in 16.521 seconds (process running for 16.919)
2025-02-08T15:40:29.297-08:00  INFO 7581 --- [ai-content-platform] [pool-5-thread-1] c.j.a.service.EnhancedWord2VecService    : No training data available. Skipping scheduled retraining.
2025-02-08T15:40:29.299-08:00 DEBUG 7581 --- [ai-content-platform] [pool-5-thread-1] c.j.a.s.RealTimeLocalizationService      : Updating real-time metrics
2025-02-08T15:41:29.045-08:00  INFO 7581 --- [ai-content-platform] [MessageBroker-1] o.s.w.s.c.WebSocketMessageBrokerStats    : WebSocketSession[0 current WS(0)-HttpStream(0)-HttpPoll(0), 0 total, 0 closed abnormally (0 connect failure, 0 send limit, 0 transport error)], stompSubProtocol[processed CONNECT(0)-CONNECTED(0)-DISCONNECT(0)], stompBrokerRelay[null], inboundChannel[pool size = 0, active threads = 0, queued tasks = 0, completed tasks = 0], outboundChannel[pool size = 0, active threads = 0, queued tasks = 0, completed tasks = 0], sockJsScheduler[pool size = 1, active threads = 1, queued tasks = 0, completed tasks = 0]
[INFO] ------------------------------------------------------------------------
[INFO] BUILD FAILURE
[INFO] ------------------------------------------------------------------------
[INFO] Total time:  01:37 min
[INFO] Finished at: 2025-02-08T15:41:46-08:00
[INFO] ------------------------------------------------------------------------
[ERROR] Failed to execute goal org.springframework.boot:spring-boot-maven-plugin:3.2.0:run (default-cli) on project ai-content-platform: Process terminated with exit code: 137 -> [Help 1]
[ERROR] 
[ERROR] To see the full stack trace of the errors, re-run Maven with the -e switch.
[ERROR] Re-run Maven using the -X switch to enable full debug logging.
[ERROR] 
[ERROR] For more information about the errors and possible solutions, please read the following articles:
[ERROR] [Help 1] http://cwiki.apache.org/confluence/display/MAVEN/MojoExecutionException
